<?xml version="1.0" encoding="UTF-8"?>
<!-- Generated by org.testng.reporters.JUnitReportReporter -->
<testsuite hostname="DESKTOP-840BIJ2" failures="0" tests="1" name="topic_advanced_Annotations.TestBackendConfig" time="0.003" errors="0" timestamp="2023-12-10T17:52:42 IST" skipped="0">
  <testcase classname="topic_advanced_Annotations.TestBackendConfig" name="f" time="0.003"/>
  <system-out/>
</testsuite> <!-- topic_advanced_Annotations.TestBackendConfig -->
