<?xml version="1.0" encoding="UTF-8"?>
<!-- Generated by org.testng.reporters.JUnitReportReporter -->
<testsuite hostname="DESKTOP-840BIJ2" failures="0" tests="3" name="topic_advanced_Annotations.TestDB" time="0.016" errors="0" timestamp="2023-12-10T17:52:42 IST" skipped="0">
  <testcase classname="topic_advanced_Annotations.TestDB" name="testUpdate" time="0.007"/>
  <system-out/>
  <testcase classname="topic_advanced_Annotations.TestDB" name="testInsert" time="0.004"/>
  <system-out/>
  <testcase classname="topic_advanced_Annotations.TestDB" name="testDelete" time="0.005"/>
  <system-out/>
</testsuite> <!-- topic_advanced_Annotations.TestDB -->
