<?xml version="1.0" encoding="UTF-8"?>
<!-- Generated by org.testng.reporters.JUnitReportReporter -->
<testsuite hostname="DESKTOP-840BIJ2" failures="0" tests="1" name="myPRTTest.PRTTest2" time="51.769" errors="0" timestamp="2024-03-31T16:05:39 IST" skipped="0">
  <testcase classname="myPRTTest.PRTTest2" name="netBankingApp" time="51.769"/>
  <system-out/>
</testsuite> <!-- myPRTTest.PRTTest2 -->
