<?xml version="1.0" encoding="UTF-8"?>
<!-- Generated by org.testng.reporters.JUnitReportReporter -->
<testsuite hostname="DESKTOP-840BIJ2" failures="0" tests="3" name="topic_advanced_Annotations.TestSecurity" time="0.008" errors="0" timestamp="2023-12-10T17:52:42 IST" skipped="0">
  <testcase classname="topic_advanced_Annotations.TestSecurity" name="closeFileDialog" time="0.003"/>
  <system-out/>
  <testcase classname="topic_advanced_Annotations.TestSecurity" name="openFileDialog" time="0.002"/>
  <system-out/>
  <testcase classname="topic_advanced_Annotations.TestSecurity" name="openCongirmationDialog" time="0.003"/>
  <system-out/>
</testsuite> <!-- topic_advanced_Annotations.TestSecurity -->
