<?xml version="1.0" encoding="UTF-8"?>
<!-- Generated by org.testng.reporters.JUnitReportReporter -->
<testsuite hostname="DESKTOP-840BIJ2" failures="0" tests="3" name="topic_ITest.TestresContext" time="130.427" errors="0" timestamp="2023-12-10T16:06:01 IST" skipped="0">
  <testcase classname="topic_ITest.TestresContext" name="sdPage" time="58.865"/>
  <system-out/>
  <testcase classname="topic_ITest.TestresContext" name="sdPage" time="26.622"/>
  <system-out/>
  <testcase classname="topic_ITest.TestresContext" name="sdPage" time="44.940"/>
  <system-out/>
</testsuite> <!-- topic_ITest.TestresContext -->
