<?xml version="1.0" encoding="UTF-8"?>
<!-- Generated by org.testng.reporters.JUnitReportReporter -->
<testsuite hostname="DESKTOP-840BIJ2" failures="0" tests="3" name="testAutomationFW.DataDriven.DataDriven_FBPage" time="136.306" errors="0" timestamp="2023-12-08T12:43:02 IST" skipped="0">
  <testcase classname="testAutomationFW.DataDriven.DataDriven_FBPage" name="sdLogin" time="37.377"/>
  <system-out/>
  <testcase classname="testAutomationFW.DataDriven.DataDriven_FBPage" name="sdLogin" time="54.834"/>
  <system-out/>
  <testcase classname="testAutomationFW.DataDriven.DataDriven_FBPage" name="sdLogin" time="44.095"/>
  <system-out/>
</testsuite> <!-- testAutomationFW.DataDriven.DataDriven_FBPage -->
