<?xml version="1.0" encoding="UTF-8"?>
<!-- Generated by org.testng.reporters.JUnitReportReporter -->
<testsuite hostname="DESKTOP-840BIJ2" failures="0" tests="8" name="topic_TESTNGExamples.Test2_multipleMethods" time="73.045" errors="0" timestamp="2023-12-04T13:33:33 IST" skipped="0">
  <testcase classname="topic_TESTNGExamples.Test2_multipleMethods" name="htearDown" time="1.745"/>
  <system-out/>
  <testcase classname="topic_TESTNGExamples.Test2_multipleMethods" name="asetUp" time="56.125"/>
  <system-out/>
  <testcase classname="topic_TESTNGExamples.Test2_multipleMethods" name="bgotoURL" time="6.757"/>
  <system-out/>
  <testcase classname="topic_TESTNGExamples.Test2_multipleMethods" name="dtype_UserName" time="3.850"/>
  <system-out/>
  <testcase classname="topic_TESTNGExamples.Test2_multipleMethods" name="etype_Password" time="2.285"/>
  <system-out/>
  <testcase classname="topic_TESTNGExamples.Test2_multipleMethods" name="fclick_Login" time="1.883"/>
  <system-out/>
  <testcase classname="topic_TESTNGExamples.Test2_multipleMethods" name="cwindow_Maximize" time="0.243"/>
  <system-out/>
  <testcase classname="topic_TESTNGExamples.Test2_multipleMethods" name="gverifySDLogin" time="0.157"/>
  <system-out/>
</testsuite> <!-- topic_TESTNGExamples.Test2_multipleMethods -->
