<?xml version="1.0" encoding="UTF-8"?>
<!-- Generated by org.testng.reporters.JUnitReportReporter -->
<testsuite hostname="DESKTOP-840BIJ2" failures="0" tests="5" name="testNG.concepts.SDLoginTestNG" time="17.731" errors="0" timestamp="2024-01-21T18:11:15 IST" skipped="0">
  <testcase classname="testNG.concepts.SDLoginTestNG" name="getURL" time="2.193"/>
  <system-out/>
  <testcase classname="testNG.concepts.SDLoginTestNG" name="usernametext" time="9.727"/>
  <system-out/>
  <testcase classname="testNG.concepts.SDLoginTestNG" name="passwordText" time="2.215"/>
  <system-out/>
  <testcase classname="testNG.concepts.SDLoginTestNG" name="login" time="3.529"/>
  <system-out/>
  <testcase classname="testNG.concepts.SDLoginTestNG" name="verifyLogin" time="0.067"/>
  <system-out/>
</testsuite> <!-- testNG.concepts.SDLoginTestNG -->
