<?xml version="1.0" encoding="UTF-8"?>
<!-- Generated by org.testng.reporters.JUnitReportReporter -->
<testsuite hostname="DESKTOP-840BIJ2" failures="0" tests="1" name="my_prt_practice_Intellipaat.Module4_Assignment1" time="52.468" errors="0" timestamp="2024-03-29T15:26:51 IST" skipped="0">
  <testcase classname="my_prt_practice_Intellipaat.Module4_Assignment1" name="facebookReg" time="52.468"/>
  <system-out/>
</testsuite> <!-- my_prt_practice_Intellipaat.Module4_Assignment1 -->
