<?xml version="1.0" encoding="UTF-8"?>
<!-- Generated by org.testng.reporters.JUnitReportReporter -->
<testsuite hostname="DESKTOP-840BIJ2" failures="0" tests="1" name="my_prt_practice_Intellipaat.Module6_Assignment2" time="21.314" errors="0" timestamp="2024-03-29T23:48:11 IST" skipped="0">
  <testcase classname="my_prt_practice_Intellipaat.Module6_Assignment2" name="doubleClick" time="21.314"/>
  <system-out/>
</testsuite> <!-- my_prt_practice_Intellipaat.Module6_Assignment2 -->
