<?xml version="1.0" encoding="UTF-8"?>
<!-- Generated by org.testng.reporters.JUnitReportReporter -->
<testsuite hostname="DESKTOP-840BIJ2" failures="0" tests="1" name="topic_Sikuli.Test2_sikuli" time="32.571" errors="0" timestamp="2023-12-12T18:56:05 IST" skipped="0">
  <testcase classname="topic_Sikuli.Test2_sikuli" name="type_credentials" time="32.571"/>
  <system-out/>
</testsuite> <!-- topic_Sikuli.Test2_sikuli -->
