<?xml version="1.0" encoding="UTF-8"?>
<!-- Generated by org.testng.reporters.JUnitReportReporter -->
<testsuite hostname="DESKTOP-840BIJ2" failures="0" tests="1" name="topic_TESTNGExamples.Test1_singleMethod" time="54.057" errors="0" timestamp="2023-12-02T15:45:43 IST" skipped="0">
  <testcase classname="topic_TESTNGExamples.Test1_singleMethod" name="verifySDLogin" time="54.057"/>
  <system-out/>
</testsuite> <!-- topic_TESTNGExamples.Test1_singleMethod -->
