<?xml version="1.0" encoding="UTF-8"?>
<!-- Generated by org.testng.reporters.JUnitReportReporter -->
<testsuite hostname="DESKTOP-840BIJ2" failures="0" tests="1" name="my_prt_practice_Intellipaat.Module2_Assignment1" time="17.872" errors="0" timestamp="2024-03-29T11:49:08 IST" skipped="0">
  <testcase classname="my_prt_practice_Intellipaat.Module2_Assignment1" name="LaunchBrowsers" time="17.872"/>
  <system-out/>
</testsuite> <!-- my_prt_practice_Intellipaat.Module2_Assignment1 -->
