<?xml version="1.0" encoding="UTF-8"?>
<!-- Generated by org.testng.reporters.JUnitReportReporter -->
<testsuite hostname="DESKTOP-840BIJ2" failures="0" tests="1" name="browsers.chrome.Test1_chrome" time="50.473" errors="0" timestamp="2024-01-21T14:57:53 IST" skipped="0">
  <testcase classname="browsers.chrome.Test1_chrome" name="setUp_chrome" time="50.473"/>
  <system-out/>
</testsuite> <!-- browsers.chrome.Test1_chrome -->
