<?xml version="1.0" encoding="UTF-8"?>
<!-- Generated by org.testng.reporters.JUnitReportReporter -->
<testsuite hostname="DESKTOP-840BIJ2" failures="0" tests="1" name="package3.Test1_Edge" time="43.055" errors="0" timestamp="2024-03-28T22:59:41 IST" skipped="0">
  <testcase classname="package3.Test1_Edge" name="setUp_Edge" time="43.055"/>
  <system-out/>
</testsuite> <!-- package3.Test1_Edge -->
