<?xml version="1.0" encoding="UTF-8"?>
<!-- Generated by org.testng.reporters.JUnitReportReporter -->
<testsuite hostname="DESKTOP-840BIJ2" failures="0" tests="1" name="package1.PRT1Test" time="53.372" errors="0" timestamp="2024-03-26T12:44:25 IST" skipped="0">
  <testcase classname="package1.PRT1Test" name="ebayvalidation" time="53.372"/>
  <system-out/>
</testsuite> <!-- package1.PRT1Test -->
