<?xml version="1.0" encoding="UTF-8"?>
<!-- Generated by org.testng.reporters.JUnitReportReporter -->
<testsuite hostname="DESKTOP-840BIJ2" failures="0" tests="1" name="myPRTTest.IntellipaatLauchURL" time="27.516" errors="0" timestamp="2024-04-13T19:35:35 IST" skipped="0">
  <testcase classname="myPRTTest.IntellipaatLauchURL" name="LaunchBrowser" time="27.516"/>
  <system-out/>
</testsuite> <!-- myPRTTest.IntellipaatLauchURL -->
