<?xml version="1.0" encoding="UTF-8"?>
<!-- Generated by org.testng.reporters.JUnitReportReporter -->
<testsuite hostname="DESKTOP-840BIJ2" failures="0" tests="1" name="testAutomationFW.PageObjectModel.TC1_Login" time="51.708" errors="0" timestamp="2023-12-05T14:52:30 IST" skipped="0">
  <testcase classname="testAutomationFW.PageObjectModel.TC1_Login" name="verifySDLogin" time="51.708"/>
  <system-out/>
</testsuite> <!-- testAutomationFW.PageObjectModel.TC1_Login -->
