<?xml version="1.0" encoding="UTF-8"?>
<!-- Generated by org.testng.reporters.JUnitReportReporter -->
<testsuite hostname="DESKTOP-840BIJ2" failures="0" tests="1" name="my_prt_practice_Intellipaat.Reading_data" time="3.731" errors="0" timestamp="2024-03-28T11:04:36 IST" skipped="0">
  <testcase classname="my_prt_practice_Intellipaat.Reading_data" name="excelUtils1" time="3.731"/>
  <system-out/>
</testsuite> <!-- my_prt_practice_Intellipaat.Reading_data -->
