<?xml version="1.0" encoding="UTF-8"?>
<!-- Generated by org.testng.reporters.JUnitReportReporter -->
<testsuite hostname="DESKTOP-840BIJ2" failures="0" tests="1" name="myPRTTest.PRTTest1" time="61.504" errors="0" timestamp="2024-03-31T16:42:32 IST" skipped="0">
  <testcase classname="myPRTTest.PRTTest1" name="LauncEbayInBrowser" time="61.504"/>
  <system-out/>
</testsuite> <!-- myPRTTest.PRTTest1 -->
