<?xml version="1.0" encoding="UTF-8"?>
<!-- Generated by org.testng.reporters.JUnitReportReporter -->
<testsuite hostname="DESKTOP-840BIJ2" failures="0" tests="4" name="my_prt_practice_Intellipaat.Module2_Assignment2" time="20.301" errors="0" timestamp="2024-03-29T11:56:53 IST" skipped="0">
  <testcase classname="my_prt_practice_Intellipaat.Module2_Assignment2" name="LaunchBrowsers" time="10.654"/>
  <system-out/>
  <testcase classname="my_prt_practice_Intellipaat.Module2_Assignment2" name="testURL" time="7.055"/>
  <system-out/>
  <testcase classname="my_prt_practice_Intellipaat.Module2_Assignment2" name="titleOfpage" time="2.062"/>
  <system-out/>
  <testcase classname="my_prt_practice_Intellipaat.Module2_Assignment2" name="tearDown" time="0.530"/>
  <system-out/>
</testsuite> <!-- my_prt_practice_Intellipaat.Module2_Assignment2 -->
