<?xml version="1.0" encoding="UTF-8"?>
<!-- Generated by org.testng.reporters.JUnitReportReporter -->
<testsuite hostname="DESKTOP-840BIJ2" failures="0" tests="1" name="topic_Sikuli.Test3_sikuli_mousehover" time="47.617" errors="0" timestamp="2023-12-12T19:56:59 IST" skipped="0">
  <testcase classname="topic_Sikuli.Test3_sikuli_mousehover" name="mouse_Hover" time="47.617"/>
  <system-out/>
</testsuite> <!-- topic_Sikuli.Test3_sikuli_mousehover -->
