<?xml version="1.0" encoding="UTF-8"?>
<!-- Generated by org.testng.reporters.JUnitReportReporter -->
<testsuite hostname="DESKTOP-840BIJ2" failures="0" tests="1" name="module10_selenium_maven.Module10_Assignment1" time="84.452" errors="0" timestamp="2023-12-14T14:17:20 IST" skipped="0">
  <testcase classname="module10_selenium_maven.Module10_Assignment1" name="verifySDLogin" time="84.452"/>
  <system-out/>
</testsuite> <!-- module10_selenium_maven.Module10_Assignment1 -->
