<?xml version="1.0" encoding="UTF-8"?>
<!-- Generated by org.testng.reporters.JUnitReportReporter -->
<testsuite hostname="DESKTOP-840BIJ2" failures="0" tests="3" name="topic_advanced_Annotations.TestUI" time="0.033" errors="0" timestamp="2023-12-10T17:52:42 IST" skipped="0">
  <testcase classname="topic_advanced_Annotations.TestUI" name="accesscompaingnPage" time="0.005"/>
  <system-out/>
  <testcase classname="topic_advanced_Annotations.TestUI" name="accessHomePage" time="0.005"/>
  <system-out/>
  <testcase classname="topic_advanced_Annotations.TestUI" name="accessContactPage" time="0.023"/>
  <system-out/>
</testsuite> <!-- topic_advanced_Annotations.TestUI -->
