<?xml version="1.0" encoding="UTF-8"?>
<!-- Generated by org.testng.reporters.JUnitReportReporter -->
<testsuite hostname="DESKTOP-840BIJ2" failures="0" tests="1" name="my_prt_practice_Intellipaat.naukriAutomtion" time="55.789" errors="0" timestamp="2024-03-30T12:46:10 IST" skipped="0">
  <testcase classname="my_prt_practice_Intellipaat.naukriAutomtion" name="naukriLogin" time="55.789"/>
  <system-out/>
</testsuite> <!-- my_prt_practice_Intellipaat.naukriAutomtion -->
