<?xml version="1.0" encoding="UTF-8"?>
<!-- Generated by org.testng.reporters.JUnitReportReporter -->
<testsuite hostname="DESKTOP-840BIJ2" failures="0" tests="1" name="my_prt_practice_Intellipaat.Assignmenet_2_facebook" time="17.263" errors="0" timestamp="2024-03-29T11:36:41 IST" skipped="0">
  <testcase classname="my_prt_practice_Intellipaat.Assignmenet_2_facebook" name="facebookValidation" time="17.263"/>
  <system-out/>
</testsuite> <!-- my_prt_practice_Intellipaat.Assignmenet_2_facebook -->
