<?xml version="1.0" encoding="UTF-8"?>
<!-- Generated by org.testng.reporters.JUnitReportReporter -->
<testsuite hostname="DESKTOP-840BIJ2" failures="0" tests="1" name="module11_OR_Assignment4.Test_ReadProperties" time="40.081" errors="0" timestamp="2023-12-14T16:11:11 IST" skipped="0">
  <testcase classname="module11_OR_Assignment4.Test_ReadProperties" name="sd_login" time="40.081"/>
  <system-out/>
</testsuite> <!-- module11_OR_Assignment4.Test_ReadProperties -->
