<?xml version="1.0" encoding="UTF-8"?>
<!-- Generated by org.testng.reporters.JUnitReportReporter -->
<testsuite hostname="DESKTOP-840BIJ2" failures="0" tests="3" name="topic_advanced_Annotations.TestUI2" time="0.028" errors="0" timestamp="2023-12-10T17:52:42 IST" skipped="0">
  <testcase classname="topic_advanced_Annotations.TestUI2" name="accesscompaingnPage3" time="0.012"/>
  <system-out/>
  <testcase classname="topic_advanced_Annotations.TestUI2" name="accessContactPage2" time="0.003"/>
  <system-out/>
  <testcase classname="topic_advanced_Annotations.TestUI2" name="accessHomePage1" time="0.013"/>
  <system-out/>
</testsuite> <!-- topic_advanced_Annotations.TestUI2 -->
