<?xml version="1.0" encoding="UTF-8"?>
<!-- Generated by org.testng.reporters.JUnitReportReporter -->
<testsuite hostname="DESKTOP-840BIJ2" failures="0" tests="1" name="myPRTTest.VerifySDLogin" time="65.225" errors="0" timestamp="2024-03-31T11:37:52 IST" skipped="0">
  <testcase classname="myPRTTest.VerifySDLogin" name="verifySDLoginpage" time="65.225"/>
  <system-out/>
</testsuite> <!-- myPRTTest.VerifySDLogin -->
