<?xml version="1.0" encoding="UTF-8"?>
<!-- Generated by org.testng.reporters.JUnitReportReporter -->
<testsuite hostname="DESKTOP-840BIJ2" failures="0" tests="4" name="topic_TESTNGExamples.Test8_VP2" time="25.300" errors="0" timestamp="2023-12-04T18:09:48 IST" skipped="0">
  <testcase classname="topic_TESTNGExamples.Test8_VP2" name="setUp" time="16.439"/>
  <system-out/>
  <testcase classname="topic_TESTNGExamples.Test8_VP2" name="gotoURL" time="7.915"/>
  <system-out/>
  <testcase classname="topic_TESTNGExamples.Test8_VP2" name="window_Maximize" time="0.296"/>
  <system-out/>
  <testcase classname="topic_TESTNGExamples.Test8_VP2" name="tearDown" time="0.650"/>
  <system-out/>
</testsuite> <!-- topic_TESTNGExamples.Test8_VP2 -->
