<?xml version="1.0" encoding="UTF-8"?>
<!-- Generated by org.testng.reporters.JUnitReportReporter -->
<testsuite hostname="DESKTOP-840BIJ2" failures="0" tests="6" name="topic_BeforeAfterGroups.BeforeAftergroups" time="0.081" errors="0" timestamp="2023-12-12T15:30:49 IST" skipped="0">
  <testcase classname="topic_BeforeAfterGroups.BeforeAftergroups" name="openFileDialog" time="0.004"/>
  <system-out/>
  <testcase classname="topic_BeforeAfterGroups.BeforeAftergroups" name="closeFileDialog" time="0.004"/>
  <system-out/>
  <testcase classname="topic_BeforeAfterGroups.BeforeAftergroups" name="accessHomePage" time="0.015"/>
  <system-out/>
  <testcase classname="topic_BeforeAfterGroups.BeforeAftergroups" name="openCongirmationDialog" time="0.003"/>
  <system-out/>
  <testcase classname="topic_BeforeAfterGroups.BeforeAftergroups" name="accesscompaingnPage" time="0.014"/>
  <system-out/>
  <testcase classname="topic_BeforeAfterGroups.BeforeAftergroups" name="accessContactPage" time="0.041"/>
  <system-out/>
</testsuite> <!-- topic_BeforeAfterGroups.BeforeAftergroups -->
