<?xml version="1.0" encoding="UTF-8"?>
<!-- Generated by org.testng.reporters.JUnitReportReporter -->
<testsuite hostname="DESKTOP-840BIJ2" failures="0" tests="8" name="package2.Test11_VP5" time="15.679" errors="0" timestamp="2023-12-05T22:28:14 IST" skipped="0">
  <testcase classname="package2.Test11_VP5" name="setUp" time="2.467"/>
  <system-out/>
  <testcase classname="package2.Test11_VP5" name="gotoURL" time="6.741"/>
  <system-out/>
  <testcase classname="package2.Test11_VP5" name="window_Maximize" time="0.182"/>
  <system-out/>
  <testcase classname="package2.Test11_VP5" name="type_UserName" time="2.456"/>
  <system-out/>
  <testcase classname="package2.Test11_VP5" name="type_Password" time="2.280"/>
  <system-out/>
  <testcase classname="package2.Test11_VP5" name="click_Login" time="0.441"/>
  <system-out/>
  <testcase classname="package2.Test11_VP5" name="verifySDLogin" time="0.779"/>
  <system-out/>
  <testcase classname="package2.Test11_VP5" name="tearDown" time="0.333"/>
  <system-out/>
</testsuite> <!-- package2.Test11_VP5 -->
