<?xml version="1.0" encoding="UTF-8"?>
<!-- Generated by org.testng.reporters.JUnitReportReporter -->
<testsuite hostname="DESKTOP-840BIJ2" failures="0" tests="1" name="topic_TESTNGExamples.Test1_singleMethod1" time="46.333" errors="0" timestamp="2023-12-05T22:28:14 IST" skipped="0">
  <testcase classname="topic_TESTNGExamples.Test1_singleMethod1" name="verifySDLogin" time="46.333"/>
  <system-out/>
</testsuite> <!-- topic_TESTNGExamples.Test1_singleMethod1 -->
