<?xml version="1.0" encoding="UTF-8"?>
<!-- Generated by org.testng.reporters.JUnitReportReporter -->
<testsuite hostname="DESKTOP-840BIJ2" failures="0" tests="1" name="browsers.ff.Test1_ff" time="0.010" errors="0" timestamp="2023-12-05T22:40:22 IST" skipped="0">
  <testcase classname="browsers.ff.Test1_ff" name="setUp_ff" time="0.010"/>
  <system-out/>
</testsuite> <!-- browsers.ff.Test1_ff -->
