<?xml version="1.0" encoding="UTF-8"?>
<!-- Generated by org.testng.reporters.JUnitReportReporter -->
<testsuite hostname="DESKTOP-840BIJ2" failures="0" tests="1" name="package2.Test1_chrome" time="59.807" errors="0" timestamp="2023-12-05T21:59:29 IST" skipped="0">
  <testcase classname="package2.Test1_chrome" name="setUp_chrome" time="59.807"/>
  <system-out/>
</testsuite> <!-- package2.Test1_chrome -->
