<?xml version="1.0" encoding="UTF-8"?>
<!-- Generated by org.testng.reporters.JUnitReportReporter -->
<testsuite hostname="DESKTOP-840BIJ2" failures="0" tests="8" name="topic_TESTNGExamples.Test3_Prioritization" time="15.681" errors="0" timestamp="2023-12-05T22:28:14 IST" skipped="0">
  <testcase classname="topic_TESTNGExamples.Test3_Prioritization" name="setUp" time="3.578"/>
  <system-out/>
  <testcase classname="topic_TESTNGExamples.Test3_Prioritization" name="gotoURL" time="6.434"/>
  <system-out/>
  <testcase classname="topic_TESTNGExamples.Test3_Prioritization" name="window_Maximize" time="0.201"/>
  <system-out/>
  <testcase classname="topic_TESTNGExamples.Test3_Prioritization" name="type_UserName" time="2.346"/>
  <system-out/>
  <testcase classname="topic_TESTNGExamples.Test3_Prioritization" name="type_Password" time="2.290"/>
  <system-out/>
  <testcase classname="topic_TESTNGExamples.Test3_Prioritization" name="click_Login" time="0.399"/>
  <system-out/>
  <testcase classname="topic_TESTNGExamples.Test3_Prioritization" name="verifySDLogin" time="0.083"/>
  <system-out/>
  <testcase classname="topic_TESTNGExamples.Test3_Prioritization" name="tearDown" time="0.350"/>
  <system-out/>
</testsuite> <!-- topic_TESTNGExamples.Test3_Prioritization -->
