<?xml version="1.0" encoding="UTF-8"?>
<!-- Generated by org.testng.reporters.JUnitReportReporter -->
<testsuite hostname="DESKTOP-840BIJ2" failures="0" tests="1" name="my_prt_practice_Intellipaat.Writing_data" time="4.628" errors="0" timestamp="2024-03-28T10:52:22 IST" skipped="0">
  <testcase classname="my_prt_practice_Intellipaat.Writing_data" name="excelUtils" time="4.628"/>
  <system-out/>
</testsuite> <!-- my_prt_practice_Intellipaat.Writing_data -->
