<?xml version="1.0" encoding="UTF-8"?>
<!-- Generated by org.testng.reporters.JUnitReportReporter -->
<testsuite hostname="DESKTOP-840BIJ2" failures="0" tests="1" name="my_prt_practice_Intellipaat.Module5_Assignmen4" time="19.406" errors="0" timestamp="2024-03-29T22:20:14 IST" skipped="0">
  <testcase classname="my_prt_practice_Intellipaat.Module5_Assignmen4" name="alertDemo" time="19.406"/>
  <system-out/>
</testsuite> <!-- my_prt_practice_Intellipaat.Module5_Assignmen4 -->
