<?xml version="1.0" encoding="UTF-8"?>
<!-- Generated by org.testng.reporters.JUnitReportReporter -->
<testsuite hostname="DESKTOP-840BIJ2" failures="0" tests="3" name="topic_TESTNGExamples.Test14_BC_AC" time="49.324" errors="0" timestamp="2024-03-27T08:51:19 IST" skipped="0">
  <testcase classname="topic_TESTNGExamples.Test14_BC_AC" name="verifySDPage" time="15.662"/>
  <system-out/>
  <testcase classname="topic_TESTNGExamples.Test14_BC_AC" name="verifyGooglePage" time="14.976"/>
  <system-out/>
  <testcase classname="topic_TESTNGExamples.Test14_BC_AC" name="verifyAmazonPage" time="18.686"/>
  <system-out/>
</testsuite> <!-- topic_TESTNGExamples.Test14_BC_AC -->
