<?xml version="1.0" encoding="UTF-8"?>
<!-- Generated by org.testng.reporters.JUnitReportReporter -->
<testsuite hostname="DESKTOP-840BIJ2" failures="0" tests="1" name="my_prt_practice_Intellipaat.Module7_assignment1" time="45.318" errors="0" timestamp="2024-03-30T12:08:33 IST" skipped="0">
  <testcase classname="my_prt_practice_Intellipaat.Module7_assignment1" name="robotClass" time="45.318"/>
  <system-out/>
</testsuite> <!-- my_prt_practice_Intellipaat.Module7_assignment1 -->
