<?xml version="1.0" encoding="UTF-8"?>
<!-- Generated by org.testng.reporters.JUnitReportReporter -->
<testsuite hostname="DESKTOP-840BIJ2" failures="0" tests="1" name="my_prt_practice_Intellipaat.Module6_assinment1" time="37.392" errors="0" timestamp="2024-03-29T23:39:53 IST" skipped="0">
  <testcase classname="my_prt_practice_Intellipaat.Module6_assinment1" name="actionsConcept" time="37.392"/>
  <system-out/>
</testsuite> <!-- my_prt_practice_Intellipaat.Module6_assinment1 -->
