<?xml version="1.0" encoding="UTF-8"?>
<!-- Generated by org.testng.reporters.JUnitReportReporter -->
<testsuite hostname="DESKTOP-840BIJ2" failures="0" tests="1" name="my_prt_practice_Intellipaat.PRT1Test" time="46.366" errors="0" timestamp="2024-03-31T13:55:39 IST" skipped="0">
  <testcase classname="my_prt_practice_Intellipaat.PRT1Test" name="ebayvalidation" time="46.366"/>
  <system-out/>
</testsuite> <!-- my_prt_practice_Intellipaat.PRT1Test -->
