<?xml version="1.0" encoding="UTF-8"?>
<!-- Generated by org.testng.reporters.JUnitReportReporter -->
<testsuite hostname="DESKTOP-840BIJ2" failures="0" tests="3" name="topic_TESTNGExamples.Test13_BM_AM" time="27.776" errors="0" timestamp="2024-03-27T08:50:06 IST" skipped="0">
  <testcase classname="topic_TESTNGExamples.Test13_BM_AM" name="verifySDPage" time="6.716"/>
  <system-out/>
  <testcase classname="topic_TESTNGExamples.Test13_BM_AM" name="verifyGooglePage" time="8.102"/>
  <system-out/>
  <testcase classname="topic_TESTNGExamples.Test13_BM_AM" name="verifyAmazonPage" time="12.958"/>
  <system-out/>
</testsuite> <!-- topic_TESTNGExamples.Test13_BM_AM -->
