<?xml version="1.0" encoding="UTF-8"?>
<!-- Generated by org.testng.reporters.JUnitReportReporter -->
<testsuite hostname="DESKTOP-840BIJ2" failures="0" tests="8" name="topic_TESTNGExamples.Test7_VP1" time="30.956" errors="0" timestamp="2023-12-04T15:36:15 IST" skipped="0">
  <testcase classname="topic_TESTNGExamples.Test7_VP1" name="setUp" time="17.330"/>
  <system-out/>
  <testcase classname="topic_TESTNGExamples.Test7_VP1" name="gotoURL" time="7.041"/>
  <system-out/>
  <testcase classname="topic_TESTNGExamples.Test7_VP1" name="window_Maximize" time="0.157"/>
  <system-out/>
  <testcase classname="topic_TESTNGExamples.Test7_VP1" name="type_UserName" time="2.375"/>
  <system-out/>
  <testcase classname="topic_TESTNGExamples.Test7_VP1" name="type_Password" time="2.265"/>
  <system-out/>
  <testcase classname="topic_TESTNGExamples.Test7_VP1" name="click_Login" time="1.199"/>
  <system-out/>
  <testcase classname="topic_TESTNGExamples.Test7_VP1" name="verifySDLogin" time="0.040"/>
  <system-out/>
  <testcase classname="topic_TESTNGExamples.Test7_VP1" name="tearDown" time="0.549"/>
  <system-out/>
</testsuite> <!-- topic_TESTNGExamples.Test7_VP1 -->
