<?xml version="1.0" encoding="UTF-8"?>
<!-- Generated by org.testng.reporters.JUnitReportReporter -->
<testsuite hostname="DESKTOP-840BIJ2" failures="0" tests="1" name="module10_selenium__Assignment1.Module10_Assignment1" time="19.849" errors="0" timestamp="2024-03-30T13:18:13 IST" skipped="0">
  <testcase classname="module10_selenium__Assignment1.Module10_Assignment1" name="verifySDLogin" time="19.849"/>
  <system-out/>
</testsuite> <!-- module10_selenium__Assignment1.Module10_Assignment1 -->
