<?xml version="1.0" encoding="UTF-8"?>
<!-- Generated by org.testng.reporters.JUnitReportReporter -->
<testsuite hostname="DESKTOP-840BIJ2" failures="0" tests="1" name="my_prt_practice_Intellipaat.Assignment_Frames" time="19.987" errors="0" timestamp="2024-03-29T11:21:35 IST" skipped="0">
  <testcase classname="my_prt_practice_Intellipaat.Assignment_Frames" name="frameConcept" time="19.987"/>
  <system-out/>
</testsuite> <!-- my_prt_practice_Intellipaat.Assignment_Frames -->
