<?xml version="1.0" encoding="UTF-8"?>
<!-- Generated by org.testng.reporters.JUnitReportReporter -->
<testsuite hostname="DESKTOP-840BIJ2" failures="0" tests="1" name="browsers.edge.Test1_Edge" time="32.232" errors="0" timestamp="2023-12-05T22:40:22 IST" skipped="0">
  <testcase classname="browsers.edge.Test1_Edge" name="setUp_Edge" time="32.232"/>
  <system-out/>
</testsuite> <!-- browsers.edge.Test1_Edge -->
