<?xml version="1.0" encoding="UTF-8"?>
<!-- Generated by org.testng.reporters.JUnitReportReporter -->
<testsuite hostname="DESKTOP-840BIJ2" failures="0" tests="1" name="my_prt_practice_Intellipaat.Module6_Assigment4" time="18.927" errors="0" timestamp="2024-03-29T23:59:03 IST" skipped="0">
  <testcase classname="my_prt_practice_Intellipaat.Module6_Assigment4" name="slider" time="18.927"/>
  <system-out/>
</testsuite> <!-- my_prt_practice_Intellipaat.Module6_Assigment4 -->
