<?xml version="1.0" encoding="UTF-8"?>
<!-- Generated by org.testng.reporters.JUnitReportReporter -->
<testsuite hostname="DESKTOP-840BIJ2" failures="0" tests="1" name="topic_Sikuli.SikuliPractice" time="118.138" errors="0" timestamp="2024-03-31T12:27:07 IST" skipped="0">
  <testcase classname="topic_Sikuli.SikuliPractice" name="sikuli1" time="118.138"/>
  <system-out/>
</testsuite> <!-- topic_Sikuli.SikuliPractice -->
