<?xml version="1.0" encoding="UTF-8"?>
<!-- Generated by org.testng.reporters.JUnitReportReporter -->
<testsuite hostname="DESKTOP-840BIJ2" failures="0" tests="1" name="framework.KeywordDrivenPOI.DriverScripts" time="46.258" errors="0" timestamp="2023-12-12T22:43:50 IST" skipped="0">
  <testcase classname="framework.KeywordDrivenPOI.DriverScripts" name="setup" time="46.258"/>
  <system-out/>
</testsuite> <!-- framework.KeywordDrivenPOI.DriverScripts -->
