<?xml version="1.0" encoding="UTF-8"?>
<!-- Generated by org.testng.reporters.JUnitReportReporter -->
<testsuite hostname="DESKTOP-840BIJ2" failures="0" tests="1" name="testAutomationFW.PageObjectModel.TC2_productModuleText" time="50.201" errors="0" timestamp="2023-12-05T15:30:08 IST" skipped="0">
  <testcase classname="testAutomationFW.PageObjectModel.TC2_productModuleText" name="verifyText" time="50.201"/>
  <system-out/>
</testsuite> <!-- testAutomationFW.PageObjectModel.TC2_productModuleText -->
