<?xml version="1.0" encoding="UTF-8"?>
<!-- Generated by org.testng.reporters.JUnitReportReporter -->
<testsuite hostname="DESKTOP-840BIJ2" failures="0" tests="1" name="framework.Hybrid.KeywordDrivenDD.DriverScripts" time="35.305" errors="0" timestamp="2023-12-13T15:24:01 IST" skipped="0">
  <testcase classname="framework.Hybrid.KeywordDrivenDD.DriverScripts" name="setup" time="35.305"/>
  <system-out/>
</testsuite> <!-- framework.Hybrid.KeywordDrivenDD.DriverScripts -->
