<?xml version="1.0" encoding="UTF-8"?>
<!-- Generated by org.testng.reporters.JUnitReportReporter -->
<testsuite hostname="DESKTOP-840BIJ2" failures="0" tests="1" name="testingvariousFuncProject1.Window" time="33.383" errors="0" timestamp="2023-12-21T10:54:35 IST" skipped="0">
  <testcase classname="testingvariousFuncProject1.Window" name="new_window" time="33.383"/>
</testsuite> <!-- testingvariousFuncProject1.Window -->
