<?xml version="1.0" encoding="UTF-8"?>
<!-- Generated by org.testng.reporters.JUnitReportReporter -->
<testsuite hostname="DESKTOP-840BIJ2" failures="0" tests="1" name="topic_ObjectRepository.Test_ReadProperties" time="45.382" errors="0" timestamp="2023-12-21T16:03:56 IST" skipped="0">
  <testcase classname="topic_ObjectRepository.Test_ReadProperties" name="sd_login" time="45.382"/>
</testsuite> <!-- topic_ObjectRepository.Test_ReadProperties -->
