<?xml version="1.0" encoding="UTF-8"?>
<!-- Generated by org.testng.reporters.JUnitReportReporter -->
<testsuite hostname="DESKTOP-840BIJ2" failures="0" tests="1" name="testingvariousFuncProject1.Dropdowns" time="37.889" errors="0" timestamp="2023-12-20T23:20:13 IST" skipped="0">
  <testcase classname="testingvariousFuncProject1.Dropdowns" name="dropDown_demo" time="37.889"/>
</testsuite> <!-- testingvariousFuncProject1.Dropdowns -->
