<?xml version="1.0" encoding="UTF-8"?>
<!-- Generated by org.testng.reporters.JUnitReportReporter -->
<testsuite hostname="DESKTOP-840BIJ2" failures="0" tests="1" name="testingvariousFuncProject1.RegistrationForm" time="67.432" errors="0" timestamp="2023-12-20T22:49:21 IST" skipped="0">
  <testcase classname="testingvariousFuncProject1.RegistrationForm" name="RegistrationForm_demo" time="67.432"/>
</testsuite> <!-- testingvariousFuncProject1.RegistrationForm -->
