<?xml version="1.0" encoding="UTF-8"?>
<!-- Generated by org.testng.reporters.JUnitReportReporter -->
<testsuite hostname="DESKTOP-840BIJ2" failures="0" tests="1" name="testingvariousFuncProject1.Draggable" time="66.991" errors="0" timestamp="2023-12-20T17:59:31 IST" skipped="0">
  <testcase classname="testingvariousFuncProject1.Draggable" name="dragAndDrop" time="66.991"/>
</testsuite> <!-- testingvariousFuncProject1.Draggable -->
