<?xml version="1.0" encoding="UTF-8"?>
<!-- Generated by org.testng.reporters.JUnitReportReporter -->
<testsuite hostname="DESKTOP-840BIJ2" failures="0" tests="1" name="testingvariousFuncProject1.Slider" time="141.075" errors="0" timestamp="2023-12-20T21:26:32 IST" skipped="0">
  <testcase classname="testingvariousFuncProject1.Slider" name="slider_demo" time="141.075"/>
</testsuite> <!-- testingvariousFuncProject1.Slider -->
