<?xml version="1.0" encoding="UTF-8"?>
<!-- Generated by org.testng.reporters.JUnitReportReporter -->
<testsuite hostname="DESKTOP-840BIJ2" failures="0" tests="1" name="testingvariousFuncProject1.Frames" time="31.629" errors="0" timestamp="2023-12-20T23:03:28 IST" skipped="0">
  <testcase classname="testingvariousFuncProject1.Frames" name="frame_demo" time="31.629"/>
</testsuite> <!-- testingvariousFuncProject1.Frames -->
