<?xml version="1.0" encoding="UTF-8"?>
<!-- Generated by org.testng.reporters.JUnitReportReporter -->
<testsuite hostname="DESKTOP-840BIJ2" failures="0" tests="1" name="testingvariousFuncProject1.Alerts" time="22.949" errors="0" timestamp="2023-12-20T23:13:38 IST" skipped="0">
  <testcase classname="testingvariousFuncProject1.Alerts" name="frame_demo" time="22.949"/>
</testsuite> <!-- testingvariousFuncProject1.Alerts -->
