<?xml version="1.0" encoding="UTF-8"?>
<!-- Generated by org.testng.reporters.JUnitReportReporter -->
<testsuite hostname="DESKTOP-840BIJ2" failures="0" tests="1" name="testingvariousFuncProject1.Datepickers" time="23.528" errors="0" timestamp="2023-12-20T16:32:35 IST" skipped="0">
  <testcase classname="testingvariousFuncProject1.Datepickers" name="calender_demo" time="23.528"/>
</testsuite> <!-- testingvariousFuncProject1.Datepickers -->
