<?xml version="1.0" encoding="UTF-8"?>
<!-- Generated by org.testng.reporters.JUnitReportReporter -->
<testsuite hostname="DESKTOP-840BIJ2" failures="0" tests="1" name="testingvariousFuncProject1.New_tab" time="63.991" errors="0" timestamp="2023-12-21T11:01:31 IST" skipped="0">
  <testcase classname="testingvariousFuncProject1.New_tab" name="tab_demo" time="63.991"/>
</testsuite> <!-- testingvariousFuncProject1.New_tab -->
