<?xml version="1.0" encoding="UTF-8"?>
<!-- Generated by org.testng.reporters.JUnitReportReporter -->
<testsuite hostname="DESKTOP-840BIJ2" failures="0" tests="5" name="com.tutorialsninja.qa.testcases.Login" time="321.559" errors="0" timestamp="2024-02-17T22:29:33 IST" skipped="0">
  <testcase classname="com.tutorialsninja.qa.testcases.Login" name="verifyLoginWithValidCredentials" time="89.740"/>
  <testcase classname="com.tutorialsninja.qa.testcases.Login" name="verifyLoginWithinValidCredentials" time="96.350"/>
  <testcase classname="com.tutorialsninja.qa.testcases.Login" name="verifyLoginWithValidEmailInvalidPasswordCredentials" time="43.888"/>
  <testcase classname="com.tutorialsninja.qa.testcases.Login" name="verifyLoginWithInValidEmailValidPasswordCredentials" time="55.953"/>
  <testcase classname="com.tutorialsninja.qa.testcases.Login" name="verifyLoginWithoutAnyCredentials" time="35.628"/>
</testsuite> <!-- com.tutorialsninja.qa.testcases.Login -->
